ERROR main org.asdt.editor.ActionScript2Editor - doSave cachedType is null.
DEBUG org.eclipse.jface.text.reconciler.MonoReconciler org.asdt.editor.internal.strategies.ASReconcilingStrategy - reconcile
ERROR org.eclipse.jface.text.reconciler.MonoReconciler org.asdt.editor.internal.strategies.ASReconcilingStrategy - Cached type is null in reconciler
INFO main org.asdt.compiler.internal.CompilerUnit - Compile took 10
DEBUG main org.asdt.core.resources.natures.ASNature - Adding builder to project
DEBUG main org.asdt.core.ui.properties.ClasspathManagerControl - Checking extension 
DEBUG main org.asdt.core.ui.properties.ClasspathManagerControl - Checking element action
DEBUG main org.asdt.core.resources.ClasspathManager - Save Classpath ChumbyAbacus : 1
DEBUG main org.asdt.core.resources.ClasspathManager - Writing to C:\Documents and Settings\shoji\workspace\ChumbyAbacus\.asdt_classpath
DEBUG main org.asdt.core.resources.ClasspathManager - Save Classpath ChumbyAbacus : 2
DEBUG main org.asdt.core.resources.ClasspathManager - Writing to C:\Documents and Settings\shoji\workspace\ChumbyAbacus\.asdt_classpath
INFO main org.asdt.compiler.internal.CompilerUnit - Compile took 0
INFO main org.asdt.compiler.internal.CompilerUnit - Compile took 0
INFO main org.asdt.compiler.internal.CompilerUnit - Compile took 0
DEBUG main org.asdt.core.resources.ClasspathManager - Save Classpath ChumbyAbacus : 1
DEBUG main org.asdt.core.resources.ClasspathManager - Creating asdt classpath file
ERROR main org.asdt.core.resources.ClasspathManager - Cant write classpath file
org.eclipse.core.internal.resources.ResourceException: The resource tree is locked for modifications.
	at org.eclipse.core.internal.resources.WorkManager.checkIn(WorkManager.java:115)
	at org.eclipse.core.internal.resources.Workspace.prepareOperation(Workspace.java:1747)
	at org.eclipse.core.internal.resources.File.create(File.java:115)
	at org.eclipse.core.internal.resources.File.create(File.java:186)
	at org.asdt.core.resources.ClasspathManager.saveClasspath(ClasspathManager.java:354)
	at org.asdt.core.resources.ClasspathManager$ResourceDeltaVisitor.writeCurrentClasspath(ClasspathManager.java:238)
	at org.asdt.core.resources.ClasspathManager$ResourceDeltaVisitor.cleanUp(ClasspathManager.java:152)
	at org.asdt.core.resources.ClasspathManager.resourceChanged(ClasspathManager.java:127)
	at org.eclipse.core.internal.events.NotificationManager$2.run(NotificationManager.java:288)
	at org.eclipse.core.runtime.SafeRunner.run(SafeRunner.java:37)
	at org.eclipse.core.internal.events.NotificationManager.notify(NotificationManager.java:282)
	at org.eclipse.core.internal.events.NotificationManager.broadcastChanges(NotificationManager.java:148)
	at org.eclipse.core.internal.resources.Workspace.broadcastPostChange(Workspace.java:313)
	at org.eclipse.core.internal.resources.Workspace.checkpoint(Workspace.java:367)
	at org.eclipse.ltk.core.refactoring.PerformChangeOperation$1.run(PerformChangeOperation.java:265)
	at org.eclipse.core.internal.resources.Workspace.run(Workspace.java:1800)
	at org.eclipse.ltk.core.refactoring.PerformChangeOperation.executeChange(PerformChangeOperation.java:308)
	at org.eclipse.ltk.internal.ui.refactoring.UIPerformChangeOperation.access$1(UIPerformChangeOperation.java:1)
	at org.eclipse.ltk.internal.ui.refactoring.UIPerformChangeOperation$1.run(UIPerformChangeOperation.java:66)
	at org.eclipse.core.runtime.SafeRunner.run(SafeRunner.java:37)
	at org.eclipse.ltk.internal.ui.refactoring.UIPerformChangeOperation$2.run(UIPerformChangeOperation.java:84)
	at org.eclipse.swt.widgets.RunnableLock.run(RunnableLock.java:35)
	at org.eclipse.swt.widgets.Synchronizer.runAsyncMessages(Synchronizer.java:133)
	at org.eclipse.swt.widgets.Display.runAsyncMessages(Display.java:3800)
	at org.eclipse.swt.widgets.Display.readAndDispatch(Display.java:3425)
	at org.eclipse.jface.operation.ModalContext$ModalContextThread.block(ModalContext.java:173)
	at org.eclipse.jface.operation.ModalContext.run(ModalContext.java:388)
	at org.eclipse.ltk.internal.ui.refactoring.RefactoringWizardDialog2.run(RefactoringWizardDialog2.java:317)
	at org.eclipse.ltk.ui.refactoring.RefactoringWizard.internalPerformFinish(RefactoringWizard.java:558)
	at org.eclipse.ltk.ui.refactoring.UserInputWizardPage.performFinish(UserInputWizardPage.java:154)
	at org.eclipse.ltk.ui.refactoring.resource.DeleteResourcesWizard$DeleteResourcesRefactoringConfigurationPage.performFinish(DeleteResourcesWizard.java:147)
	at org.eclipse.ltk.ui.refactoring.RefactoringWizard.performFinish(RefactoringWizard.java:622)
	at org.eclipse.ltk.internal.ui.refactoring.RefactoringWizardDialog2.okPressed(RefactoringWizardDialog2.java:446)
	at org.eclipse.jface.dialogs.Dialog.buttonPressed(Dialog.java:472)
	at org.eclipse.jface.dialogs.Dialog$2.widgetSelected(Dialog.java:624)
	at org.eclipse.swt.widgets.TypedListener.handleEvent(TypedListener.java:228)
	at org.eclipse.swt.widgets.EventTable.sendEvent(EventTable.java:84)
	at org.eclipse.swt.widgets.Widget.sendEvent(Widget.java:1003)
	at org.eclipse.swt.widgets.Display.runDeferredEvents(Display.java:3823)
	at org.eclipse.swt.widgets.Display.readAndDispatch(Display.java:3422)
	at org.eclipse.jface.window.Window.runEventLoop(Window.java:825)
	at org.eclipse.jface.window.Window.open(Window.java:801)
	at org.eclipse.ltk.ui.refactoring.RefactoringWizardOpenOperation$1.run(RefactoringWizardOpenOperation.java:144)
	at org.eclipse.swt.custom.BusyIndicator.showWhile(BusyIndicator.java:70)
	at org.eclipse.ltk.ui.refactoring.RefactoringWizardOpenOperation.run(RefactoringWizardOpenOperation.java:156)
	at org.eclipse.ltk.internal.ui.refactoring.actions.DeleteResourcesHandler.execute(DeleteResourcesHandler.java:41)
	at org.eclipse.ui.internal.handlers.HandlerProxy.execute(HandlerProxy.java:281)
	at org.eclipse.core.commands.Command.executeWithChecks(Command.java:476)
	at org.eclipse.core.commands.ParameterizedCommand.executeWithChecks(ParameterizedCommand.java:508)
	at org.eclipse.ui.internal.handlers.HandlerService.executeCommandInContext(HandlerService.java:270)
	at org.eclipse.ui.internal.ide.actions.LTKLauncher.runCommand(LTKLauncher.java:95)
	at org.eclipse.ui.internal.ide.actions.LTKLauncher.openDeleteWizard(LTKLauncher.java:47)
	at org.eclipse.ui.actions.DeleteResourceAction.run(DeleteResourceAction.java:480)
	at org.eclipse.ui.views.navigator.RefactorActionGroup.handleKeyPressed(RefactorActionGroup.java:105)
	at org.eclipse.ui.views.navigator.MainActionGroup.handleKeyPressed(MainActionGroup.java:337)
	at org.eclipse.ui.views.navigator.ResourceNavigator.handleKeyPressed(ResourceNavigator.java:796)
	at org.eclipse.ui.views.navigator.ResourceNavigator$7.keyPressed(ResourceNavigator.java:448)
	at org.eclipse.swt.widgets.TypedListener.handleEvent(TypedListener.java:155)
	at org.eclipse.swt.widgets.EventTable.sendEvent(EventTable.java:84)
	at org.eclipse.swt.widgets.Widget.sendEvent(Widget.java:1003)
	at org.eclipse.swt.widgets.Widget.sendEvent(Widget.java:1027)
	at org.eclipse.swt.widgets.Widget.sendEvent(Widget.java:1012)
	at org.eclipse.swt.widgets.Widget.sendKeyEvent(Widget.java:1040)
	at org.eclipse.swt.widgets.Widget.sendKeyEvent(Widget.java:1036)
	at org.eclipse.swt.widgets.Widget.wmKeyDown(Widget.java:1653)
	at org.eclipse.swt.widgets.Control.WM_KEYDOWN(Control.java:4122)
	at org.eclipse.swt.widgets.Tree.WM_KEYDOWN(Tree.java:5923)
	at org.eclipse.swt.widgets.Control.windowProc(Control.java:3818)
	at org.eclipse.swt.widgets.Tree.windowProc(Tree.java:5791)
	at org.eclipse.swt.widgets.Display.windowProc(Display.java:4541)
	at org.eclipse.swt.internal.win32.OS.DispatchMessageW(Native Method)
	at org.eclipse.swt.internal.win32.OS.DispatchMessage(OS.java:2371)
	at org.eclipse.swt.widgets.Display.readAndDispatch(Display.java:3420)
	at org.eclipse.ui.internal.Workbench.runEventLoop(Workbench.java:2384)
	at org.eclipse.ui.internal.Workbench.runUI(Workbench.java:2348)
	at org.eclipse.ui.internal.Workbench.access$4(Workbench.java:2200)
	at org.eclipse.ui.internal.Workbench$5.run(Workbench.java:495)
	at org.eclipse.core.databinding.observable.Realm.runWithDefault(Realm.java:288)
	at org.eclipse.ui.internal.Workbench.createAndRunWorkbench(Workbench.java:490)
	at org.eclipse.ui.PlatformUI.createAndRunWorkbench(PlatformUI.java:149)
	at org.eclipse.ui.internal.ide.application.IDEApplication.start(IDEApplication.java:113)
	at org.eclipse.equinox.internal.app.EclipseAppHandle.run(EclipseAppHandle.java:193)
	at org.eclipse.core.runtime.internal.adaptor.EclipseAppLauncher.runApplication(EclipseAppLauncher.java:110)
	at org.eclipse.core.runtime.internal.adaptor.EclipseAppLauncher.start(EclipseAppLauncher.java:79)
	at org.eclipse.core.runtime.adaptor.EclipseStarter.run(EclipseStarter.java:386)
	at org.eclipse.core.runtime.adaptor.EclipseStarter.run(EclipseStarter.java:179)
	at sun.reflect.NativeMethodAccessorImpl.invoke0(Native Method)
	at sun.reflect.NativeMethodAccessorImpl.invoke(Unknown Source)
	at sun.reflect.DelegatingMethodAccessorImpl.invoke(Unknown Source)
	at java.lang.reflect.Method.invoke(Unknown Source)
	at org.eclipse.equinox.launcher.Main.invokeFramework(Main.java:549)
	at org.eclipse.equinox.launcher.Main.basicRun(Main.java:504)
	at org.eclipse.equinox.launcher.Main.run(Main.java:1236)
